<?xml version="1.0" encoding="UTF-8"?>
<robot generator="Robot 7.2.2 (Python 3.13.2 on win32)" generated="2025-03-14T11:26:53.724168" rpa="false" schemaversion="5">
<suite id="s1" name="Calculator Test" source="C:\Users\Administrateur\Desktop\Appium\tests\calculator_test.robot">
<test id="s1-t1" name="Test Open Calculator" line="16">
<kw name="Open Calculator">
<kw name="Open Application" owner="AppiumLibrary">
<arg>${REMOTE_URL}</arg>
<arg>platformName=${PLATFORM_NAME}</arg>
<arg>platformVersion=${PLATFORM_VERSION}</arg>
<arg>deviceName=${DEVICE_NAME}</arg>
<arg>appPackage=${APP_PACKAGE}</arg>
<arg>appActivity=${APP_ACTIVITY}</arg>
<arg>automationName=${AUTOMATION_NAME}</arg>
<doc>Opens a new application to given Appium server.
Capabilities of appium server, Android and iOS,
Please check https://appium.io/docs/en/2.1/cli/args/
| *Option*            | *Man.* | *Description*     |
| remote_url          | Yes    | Appium server url |
| alias               | no     | alias             |
| strict_ssl          | No     | allows you to send commands to an invalid certificate host like a self-signed one. |</doc>
<status status="PASS" start="2025-03-14T11:26:53.892753" elapsed="7.700576"/>
</kw>
<status status="PASS" start="2025-03-14T11:26:53.892326" elapsed="7.701121"/>
</kw>
<kw name="Sleep" owner="BuiltIn">
<msg time="2025-03-14T11:27:04.594520" level="INFO">Slept 3 seconds.</msg>
<arg>3s</arg>
<doc>Pauses the test executed for the given time.</doc>
<status status="PASS" start="2025-03-14T11:27:01.593740" elapsed="3.000949"/>
</kw>
<kw name="Click Element" owner="AppiumLibrary">
<msg time="2025-03-14T11:27:04.597388" level="INFO">Clicking element 'com.google.android.calculator:id/digit_9'.</msg>
<msg time="2025-03-14T11:27:05.273847" level="INFO">criteria is com.google.android.calculator:id/digit_9</msg>
<arg>com.google.android.calculator:id/digit_9</arg>
<doc>Click element identified by `locator`.</doc>
<status status="PASS" start="2025-03-14T11:27:04.595188" elapsed="0.678733"/>
</kw>
<kw name="Click Element" owner="AppiumLibrary">
<msg time="2025-03-14T11:27:05.274966" level="INFO">Clicking element 'com.google.android.calculator:id/op_add'.</msg>
<msg time="2025-03-14T11:27:06.530652" level="INFO">criteria is com.google.android.calculator:id/op_add</msg>
<arg>com.google.android.calculator:id/op_add</arg>
<doc>Click element identified by `locator`.</doc>
<status status="PASS" start="2025-03-14T11:27:05.274189" elapsed="1.256540"/>
</kw>
<kw name="Click Element" owner="AppiumLibrary">
<msg time="2025-03-14T11:27:06.531803" level="INFO">Clicking element 'com.google.android.calculator:id/digit_1'.</msg>
<msg time="2025-03-14T11:27:07.160150" level="INFO">criteria is com.google.android.calculator:id/digit_1</msg>
<arg>com.google.android.calculator:id/digit_1</arg>
<doc>Click element identified by `locator`.</doc>
<status status="PASS" start="2025-03-14T11:27:06.531036" elapsed="0.629177"/>
</kw>
<kw name="Click Element" owner="AppiumLibrary">
<msg time="2025-03-14T11:27:07.161235" level="INFO">Clicking element 'com.google.android.calculator:id/eq'.</msg>
<msg time="2025-03-14T11:27:08.040740" level="INFO">criteria is com.google.android.calculator:id/eq</msg>
<arg>com.google.android.calculator:id/eq</arg>
<doc>Click element identified by `locator`.</doc>
<status status="PASS" start="2025-03-14T11:27:07.160500" elapsed="0.880305"/>
</kw>
<kw name="Get Element Text" owner="XML">
<msg time="2025-03-14T11:27:08.041376" level="FAIL">OSError: [Errno 22] Invalid argument: 'com.google.android.calculator:id/result_final'</msg>
<var>${result}</var>
<arg>com.google.android.calculator:id/result_final</arg>
<doc>Returns all text of the element, possibly whitespace normalized.</doc>
<status status="FAIL" start="2025-03-14T11:27:08.041148" elapsed="0.001111">OSError: [Errno 22] Invalid argument: 'com.google.android.calculator:id/result_final'</status>
</kw>
<kw name="Should Be Equal As Integers" owner="BuiltIn">
<arg>${result}</arg>
<arg>10</arg>
<doc>Fails if objects are unequal after converting them to integers.</doc>
<status status="NOT RUN" start="2025-03-14T11:27:08.042428" elapsed="0.000020"/>
</kw>
<doc>Ouvrir l'application calculatrice</doc>
<status status="FAIL" start="2025-03-14T11:26:53.891507" elapsed="14.151149">OSError: [Errno 22] Invalid argument: 'com.google.android.calculator:id/result_final'</status>
</test>
<status status="FAIL" start="2025-03-14T11:26:53.725240" elapsed="14.317800"/>
</suite>
<statistics>
<total>
<stat pass="0" fail="1" skip="0">All Tests</stat>
</total>
<tag>
</tag>
<suite>
<stat name="Calculator Test" id="s1" pass="0" fail="1" skip="0">Calculator Test</stat>
</suite>
</statistics>
<errors>
</errors>
</robot>
